<?xml version="1.0" encoding="UTF-8"?>
<!-- Generated by org.testng.reporters.JUnitXMLReporter -->
<testsuite hostname="LAPTOP-K1NFGLS0" ignored="3" name="Default test" tests="1" failures="0" timestamp="25 Feb 2021 20:03:00 GMT" time="39.827" errors="0">
  <testcase name="firstTest" time="23.769" classname="regressionTest.FirstDay"/>
  <testcase name="testBora_342" time="0.0" classname="regressionTest.FirstDay">
    <ignored/>
  </testcase> <!-- testBora_342 -->
  <testcase name="sencondTest_2" time="0.0" classname="regressionTest.FirstDay">
    <ignored/>
  </testcase> <!-- sencondTest_2 -->
  <testcase name="thirdTest_3" time="0.0" classname="regressionTest.FirstDay">
    <ignored/>
  </testcase> <!-- thirdTest_3 -->
</testsuite> <!-- Default test -->
