<?xml version="1.0" encoding="UTF-8"?>
<!-- Generated by org.testng.reporters.JUnitXMLReporter -->
<testsuite hostname="Jayes-MBP.fios-router.home" ignored="2" name="Default test" tests="1" failures="0" timestamp="20 Feb 2021 19:55:34 GMT" time="10.093" errors="0">
  <testcase name="test_327" time="6.605" classname="regressionTest.FirstDay"/>
  <testcase name="firstTest" time="0.0" classname="regressionTest.FirstDay">
    <ignored/>
  </testcase> <!-- firstTest -->
  <testcase name="test_324" time="0.0" classname="regressionTest.FirstDay">
    <ignored/>
  </testcase> <!-- test_324 -->
</testsuite> <!-- Default test -->
