<?xml version="1.0" encoding="UTF-8"?>
<!-- Generated by org.testng.reporters.JUnitXMLReporter -->
<testsuite hostname="Jayes-MBP.fios-router.home" ignored="7" name="Test" tests="8" failures="0" timestamp="27 Feb 2021 21:03:41 GMT" time="0.046" errors="0">
  <testcase name="tset4" time="0.009" classname="practices.AccountTest"/>
  <testcase name="tset1" time="0.001" classname="practices.LoginTest"/>
  <testcase name="tset2" time="0.001" classname="practices.LoginTest"/>
  <testcase name="tset3" time="0.001" classname="practices.LoginTest"/>
  <testcase name="tset4" time="0.001" classname="practices.LoginTest"/>
  <testcase name="tset5" time="0.001" classname="practices.LoginTest"/>
  <testcase name="tset1" time="0.001" classname="practices.OrderTest"/>
  <testcase name="tset2" time="0.0" classname="practices.OrderTest"/>
  <testcase name="tset5" time="0.0" classname="practices.OrderTest">
    <ignored/>
  </testcase> <!-- tset5 -->
  <testcase name="tset4" time="0.0" classname="practices.OrderTest">
    <ignored/>
  </testcase> <!-- tset4 -->
  <testcase name="tset5" time="0.0" classname="practices.AccountTest">
    <ignored/>
  </testcase> <!-- tset5 -->
  <testcase name="tset2" time="0.0" classname="practices.AccountTest">
    <ignored/>
  </testcase> <!-- tset2 -->
  <testcase name="tset3" time="0.0" classname="practices.AccountTest">
    <ignored/>
  </testcase> <!-- tset3 -->
  <testcase name="tset1" time="0.0" classname="practices.AccountTest">
    <ignored/>
  </testcase> <!-- tset1 -->
  <testcase name="tset3" time="0.0" classname="practices.OrderTest">
    <ignored/>
  </testcase> <!-- tset3 -->
</testsuite> <!-- Test -->
