<?xml version="1.0" encoding="UTF-8"?>
<testng-results skipped="0" failed="0" ignored="3" total="9" passed="6">
  <reporter-output>
  </reporter-output>
  <suite name="Default suite" duration-ms="56" started-at="2021-03-03T01:23:28Z" finished-at="2021-03-03T01:23:28Z">
    <groups>
    </groups>
    <test name="Default test" duration-ms="56" started-at="2021-03-03T01:23:28Z" finished-at="2021-03-03T01:23:28Z">
      <class name="dataDrivenTest.SimpleTesting">
        <test-method status="PASS" signature="test4(java.util.HashMap)[pri:0, instance:dataDrivenTest.SimpleTesting@675d3402]" name="test4" duration-ms="9" started-at="2021-03-03T01:23:28Z" data-provider="dataSourceForMultipletest" finished-at="2021-03-03T01:23:28Z">
          <params>
            <param index="0">
              <value>
                <![CDATA[{productId=1234665, price=9, qty=3}]]>
              </value>
            </param>
          </params>
          <reporter-output>
          </reporter-output>
        </test-method> <!-- test4 -->
        <test-method status="PASS" signature="test4(java.util.HashMap)[pri:0, instance:dataDrivenTest.SimpleTesting@675d3402]" name="test4" duration-ms="1" started-at="2021-03-03T01:23:28Z" data-provider="dataSourceForMultipletest" finished-at="2021-03-03T01:23:28Z">
          <params>
            <param index="0">
              <value>
                <![CDATA[{productId=1234948, price=12, qty=5}]]>
              </value>
            </param>
          </params>
          <reporter-output>
          </reporter-output>
        </test-method> <!-- test4 -->
        <test-method status="PASS" signature="test4(java.util.HashMap)[pri:0, instance:dataDrivenTest.SimpleTesting@675d3402]" name="test4" duration-ms="1" started-at="2021-03-03T01:23:28Z" data-provider="dataSourceForMultipletest" finished-at="2021-03-03T01:23:28Z">
          <params>
            <param index="0">
              <value>
                <![CDATA[{productId=348572, price=9, qty=12}]]>
              </value>
            </param>
          </params>
          <reporter-output>
          </reporter-output>
        </test-method> <!-- test4 -->
        <test-method status="PASS" signature="test5(java.util.HashMap)[pri:0, instance:dataDrivenTest.SimpleTesting@675d3402]" name="test5" duration-ms="2" started-at="2021-03-03T01:23:28Z" data-provider="dataSourceForMultipletest" finished-at="2021-03-03T01:23:28Z">
          <params>
            <param index="0">
              <value>
                <![CDATA[{productId=1234665, price=9, qty=3}]]>
              </value>
            </param>
          </params>
          <reporter-output>
          </reporter-output>
        </test-method> <!-- test5 -->
        <test-method status="PASS" signature="test5(java.util.HashMap)[pri:0, instance:dataDrivenTest.SimpleTesting@675d3402]" name="test5" duration-ms="1" started-at="2021-03-03T01:23:28Z" data-provider="dataSourceForMultipletest" finished-at="2021-03-03T01:23:28Z">
          <params>
            <param index="0">
              <value>
                <![CDATA[{productId=1234948, price=12, qty=5}]]>
              </value>
            </param>
          </params>
          <reporter-output>
          </reporter-output>
        </test-method> <!-- test5 -->
        <test-method status="PASS" signature="test5(java.util.HashMap)[pri:0, instance:dataDrivenTest.SimpleTesting@675d3402]" name="test5" duration-ms="2" started-at="2021-03-03T01:23:28Z" data-provider="dataSourceForMultipletest" finished-at="2021-03-03T01:23:28Z">
          <params>
            <param index="0">
              <value>
                <![CDATA[{productId=348572, price=9, qty=12}]]>
              </value>
            </param>
          </params>
          <reporter-output>
          </reporter-output>
        </test-method> <!-- test5 -->
      </class> <!-- dataDrivenTest.SimpleTesting -->
    </test> <!-- Default test -->
  </suite> <!-- Default suite -->
</testng-results>
